<?xml version="1.0" encoding="UTF-8"?>
<!-- Generated by org.testng.reporters.JUnitReportReporter -->
<testsuite hostname="MININT-38JIEIP" failures="0" tests="1" name="com.APITestCases.SampleTests" time="3.138" errors="0" timestamp="2024-05-09T21:23:11 IST" skipped="0">
  <testcase classname="com.APITestCases.SampleTests" name="CreatePost" time="3.138"/>
  <system-out/>
</testsuite> <!-- com.APITestCases.SampleTests -->
